[    0.000000] Initializing cgroup subsys cpuset
[    0.000000] Initializing cgroup subsys cpu
[    0.000000] Initializing cgroup subsys cpuacct
[    0.000000] Linux version 4.4.0-186-generic (buildd@lcy01-amd64-002) (gcc version 5.4.0 20160609 (Ubuntu 5.4.0-6ubuntu1~16.04.12) ) #216-Ubuntu SMP Wed Jul 1 05:34:05 UTC 2020 (Ubuntu 4.4.0-186.216-generic 4.4.228)
[    0.000000] Command line: BOOT_IMAGE=/boot/vmlinuz-4.4.0-186-generic root=LABEL=cloudimg-rootfs ro console=tty1 console=ttyS0
[    0.000000] KERNEL supported cpus:
[    0.000000]   Intel GenuineIntel
[    0.000000]   AMD AuthenticAMD
[    0.000000]   Centaur CentaurHauls
[    0.000000] x86/fpu: xstate_offset[2]:  576, xstate_sizes[2]:  256
[    0.000000] x86/fpu: Supporting XSAVE feature 0x01: 'x87 floating point registers'
[    0.000000] x86/fpu: Supporting XSAVE feature 0x02: 'SSE registers'
[    0.000000] x86/fpu: Supporting XSAVE feature 0x04: 'AVX registers'
[    0.000000] x86/fpu: Enabled xstate features 0x7, context size is 832 bytes, using 'standard' format.
[    0.000000] e820: BIOS-provided physical RAM map:
[    0.000000] BIOS-e820: [mem 0x0000000000000000-0x000000000009fbff] usable
[    0.000000] BIOS-e820: [mem 0x000000000009fc00-0x000000000009ffff] reserved
[    0.000000] BIOS-e820: [mem 0x00000000000f0000-0x00000000000fffff] reserved
[    0.000000] BIOS-e820: [mem 0x0000000000100000-0x000000003ffeffff] usable
[    0.000000] BIOS-e820: [mem 0x000000003fff0000-0x000000003fffffff] ACPI data
[    0.000000] BIOS-e820: [mem 0x00000000fec00000-0x00000000fec00fff] reserved
[    0.000000] BIOS-e820: [mem 0x00000000fee00000-0x00000000fee00fff] reserved
[    0.000000] BIOS-e820: [mem 0x00000000fffc0000-0x00000000ffffffff] reserved
[    0.000000] NX (Execute Disable) protection: active
[    0.000000] SMBIOS 2.5 present.
[    0.000000] Hypervisor detected: KVM
[    0.000000] e820: last_pfn = 0x3fff0 max_arch_pfn = 0x400000000
[    0.000000] MTRR: Disabled
[    0.000000] x86/PAT: MTRRs disabled, skipping PAT initialization too.
[    0.000000] CPU MTRRs all blank - virtualized system.
[    0.000000] x86/PAT: Configuration [0-7]: WB  WT  UC- UC  WB  WT  UC- UC  
[    0.000000] found SMP MP-table at [mem 0x0009fff0-0x0009ffff] mapped at [ffff88000009fff0]
[    0.000000] Scanning 1 areas for low memory corruption
[    0.000000] RAMDISK: [mem 0x362de000-0x37166fff]
[    0.000000] ACPI: Early table checksum verification disabled
[    0.000000] ACPI: RSDP 0x00000000000E0000 000024 (v02 VBOX  )
[    0.000000] ACPI: XSDT 0x000000003FFF0030 00003C (v01 VBOX   VBOXXSDT 00000001 ASL  00000061)
[    0.000000] ACPI: FACP 0x000000003FFF00F0 0000F4 (v04 VBOX   VBOXFACP 00000001 ASL  00000061)
[    0.000000] ACPI: DSDT 0x000000003FFF0470 002325 (v02 VBOX   VBOXBIOS 00000002 INTL 20100528)
[    0.000000] ACPI: FACS 0x000000003FFF0200 000040
[    0.000000] ACPI: FACS 0x000000003FFF0200 000040
[    0.000000] ACPI: APIC 0x000000003FFF0240 00005C (v02 VBOX   VBOXAPIC 00000001 ASL  00000061)
[    0.000000] ACPI: SSDT 0x000000003FFF02A0 0001CC (v01 VBOX   VBOXCPUT 00000002 INTL 20100528)
[    0.000000] No NUMA configuration found
[    0.000000] Faking a node at [mem 0x0000000000000000-0x000000003ffeffff]
[    0.000000] NODE_DATA(0) allocated [mem 0x3ffeb000-0x3ffeffff]
[    0.000000] kvm-clock: Using msrs 4b564d01 and 4b564d00
[    0.000000] kvm-clock: cpu 0, msr 0:3ffe3001, primary cpu clock
[    0.000000] kvm-clock: using sched offset of 4060656108 cycles
[    0.000000] clocksource: kvm-clock: mask: 0xffffffffffffffff max_cycles: 0x1cd42e4dffb, max_idle_ns: 881590591483 ns
[    0.000000] Zone ranges:
[    0.000000]   DMA      [mem 0x0000000000001000-0x0000000000ffffff]
[    0.000000]   DMA32    [mem 0x0000000001000000-0x000000003ffeffff]
[    0.000000]   Normal   empty
[    0.000000]   Device   empty
[    0.000000] Movable zone start for each node
[    0.000000] Early memory node ranges
[    0.000000]   node   0: [mem 0x0000000000001000-0x000000000009efff]
[    0.000000]   node   0: [mem 0x0000000000100000-0x000000003ffeffff]
[    0.000000] Initmem setup node 0 [mem 0x0000000000001000-0x000000003ffeffff]
[    0.000000] ACPI: PM-Timer IO Port: 0x4008
[    0.000000] IOAPIC[0]: apic_id 2, version 32, address 0xfec00000, GSI 0-23
[    0.000000] ACPI: INT_SRC_OVR (bus 0 bus_irq 0 global_irq 2 dfl dfl)
[    0.000000] ACPI: INT_SRC_OVR (bus 0 bus_irq 9 global_irq 9 low level)
[    0.000000] Using ACPI (MADT) for SMP configuration information
[    0.000000] smpboot: Allowing 2 CPUs, 0 hotplug CPUs
[    0.000000] PM: Registered nosave memory: [mem 0x00000000-0x00000fff]
[    0.000000] PM: Registered nosave memory: [mem 0x0009f000-0x0009ffff]
[    0.000000] PM: Registered nosave memory: [mem 0x000a0000-0x000effff]
[    0.000000] PM: Registered nosave memory: [mem 0x000f0000-0x000fffff]
[    0.000000] e820: [mem 0x40000000-0xfebfffff] available for PCI devices
[    0.000000] Booting paravirtualized kernel on KVM
[    0.000000] clocksource: refined-jiffies: mask: 0xffffffff max_cycles: 0xffffffff, max_idle_ns: 7645519600211568 ns
[    0.000000] setup_percpu: NR_CPUS:512 nr_cpumask_bits:512 nr_cpu_ids:2 nr_node_ids:1
[    0.000000] PERCPU: Embedded 33 pages/cpu @ffff88003fc00000 s95512 r8192 d31464 u1048576
[    0.000000] Built 1 zonelists in Node order, mobility grouping on.  Total pages: 257912
[    0.000000] Policy zone: DMA32
[    0.000000] Kernel command line: BOOT_IMAGE=/boot/vmlinuz-4.4.0-186-generic root=LABEL=cloudimg-rootfs ro console=tty1 console=ttyS0
[    0.000000] PID hash table entries: 4096 (order: 3, 32768 bytes)
[    0.000000] Memory: 997660K/1048120K available (8636K kernel code, 1337K rwdata, 4040K rodata, 1492K init, 1296K bss, 50460K reserved, 0K cma-reserved)
[    0.000000] SLUB: HWalign=64, Order=0-3, MinObjects=0, CPUs=2, Nodes=1
[    0.000000] Kernel/User page tables isolation: enabled
[    0.000000] Hierarchical RCU implementation.
[    0.000000] 	Build-time adjustment of leaf fanout to 64.
[    0.000000] 	RCU restricting CPUs from NR_CPUS=512 to nr_cpu_ids=2.
[    0.000000] RCU: Adjusting geometry for rcu_fanout_leaf=64, nr_cpu_ids=2
[    0.000000] NR_IRQS:33024 nr_irqs:440 16
[    0.000000] Console: colour VGA+ 80x25
[    0.000000] console [tty1] enabled
[    0.000000] console [ttyS0] enabled
[    0.000000] tsc: Detected 2303.998 MHz processor
[    0.218616] Calibrating delay loop (skipped) preset value.. 4607.99 BogoMIPS (lpj=9215992)
[    0.221883] pid_max: default: 32768 minimum: 301
[    0.223946] ACPI: Core revision 20150930
[    0.227117] ACPI: 2 ACPI AML tables successfully acquired and loaded
[    0.229887] Security Framework initialized
[    0.230833] Yama: becoming mindful.
[    0.231675] AppArmor: AppArmor initialized
[    0.232800] Dentry cache hash table entries: 131072 (order: 8, 1048576 bytes)
[    0.238158] Inode-cache hash table entries: 65536 (order: 7, 524288 bytes)
[    0.240935] Mount-cache hash table entries: 2048 (order: 2, 16384 bytes)
[    0.243275] Mountpoint-cache hash table entries: 2048 (order: 2, 16384 bytes)
[    0.245182] Initializing cgroup subsys io
[    0.246209] Initializing cgroup subsys memory
[    0.247520] Initializing cgroup subsys devices
[    0.248985] Initializing cgroup subsys freezer
[    0.250112] Initializing cgroup subsys net_cls
[    0.251706] Initializing cgroup subsys perf_event
[    0.252923] Initializing cgroup subsys net_prio
[    0.254138] Initializing cgroup subsys hugetlb
[    0.256036] Initializing cgroup subsys pids
[    0.258362] mce: CPU supports 0 MCE banks
[    0.259663] Last level iTLB entries: 4KB 64, 2MB 8, 4MB 8
[    0.261114] Last level dTLB entries: 4KB 64, 2MB 0, 4MB 0, 1GB 4
[    0.262483] Spectre V1 : Mitigation: usercopy/swapgs barriers and __user pointer sanitization
[    0.264604] Spectre V2 : Mitigation: Full generic retpoline
[    0.266391] Spectre V2 : Spectre v2 / SpectreRSB mitigation: Filling RSB on context switch
[    0.268507] Speculative Store Bypass: Vulnerable
[    0.269897] SRBDS: Unknown: Dependent on hypervisor status
[    0.271217] MDS: Mitigation: Clear CPU buffers
[    0.274940] Freeing SMP alternatives memory: 36K
[    0.282103] ftrace: allocating 32334 entries in 127 pages
[    0.347244] smpboot: APIC(0) Converting physical 0 to logical package 0
[    0.349843] smpboot: Max logical packages: 1
[    0.352045] x2apic enabled
[    0.354327] Switched APIC routing to physical x2apic.
[    0.358205] ..TIMER: vector=0x30 apic1=0 pin1=2 apic2=-1 pin2=-1
[    0.467929] smpboot: CPU0: Intel(R) Core(TM) i5-7360U CPU @ 2.30GHz (family: 0x6, model: 0x8e, stepping: 0x9)
[    0.471242] Performance Events: unsupported p6 CPU model 142 no PMU driver, software events only.
[    0.486798] KVM setup paravirtual spinlock
[    0.489647] x86: Booting SMP configuration:
[    0.492780] .... node  #0, CPUs:      #1
[    0.494697] kvm-clock: cpu 1, msr 0:3ffe3041, secondary cpu clock
[    0.497698] mce: CPU supports 0 MCE banks
[    0.500478] x86: Booted up 1 node, 2 CPUs
[    0.501921] smpboot: Total of 2 processors activated (9215.99 BogoMIPS)
[    0.504732] devtmpfs: initialized
[    0.509766] evm: security.selinux
[    0.511407] evm: security.SMACK64
[    0.513125] evm: security.SMACK64EXEC
[    0.514941] evm: security.SMACK64TRANSMUTE
[    0.517365] evm: security.SMACK64MMAP
[    0.518598] evm: security.ima
[    0.519640] evm: security.capability
[    0.520958] clocksource: jiffies: mask: 0xffffffff max_cycles: 0xffffffff, max_idle_ns: 7645041785100000 ns
[    0.525468] futex hash table entries: 512 (order: 3, 32768 bytes)
[    0.528443] pinctrl core: initialized pinctrl subsystem
[    0.529984] RTC time: 15:04:01, date: 07/27/20
[    0.531177] NET: Registered protocol family 16
[    0.548044] cpuidle: using governor ladder
[    0.559876] cpuidle: using governor menu
[    0.561752] PCCT header not found.
[    0.563372] ACPI: bus type PCI registered
[    0.565158] acpiphp: ACPI Hot Plug PCI Controller Driver version: 0.5
[    0.567661] PCI: Using configuration type 1 for base access
[    0.580808] ACPI: Added _OSI(Module Device)
[    0.582491] ACPI: Added _OSI(Processor Device)
[    0.584678] ACPI: Added _OSI(3.0 _SCP Extensions)
[    0.588479] ACPI: Added _OSI(Processor Aggregator Device)
[    0.592305] ACPI: Executed 1 blocks of module-level executable AML code
[    0.596360] ACPI: Interpreter enabled
[    0.597300] ACPI: (supports S0 S5)
[    0.598118] ACPI: Using IOAPIC for interrupt routing
[    0.599669] PCI: Using host bridge windows from ACPI; if necessary, use "pci=nocrs" and report a bug
[    0.610375] ACPI: PCI Root Bridge [PCI0] (domain 0000 [bus 00-ff])
[    0.612722] acpi PNP0A03:00: _OSC: OS supports [ASPM ClockPM Segments MSI]
[    0.614591] acpi PNP0A03:00: _OSC: not requesting OS control; OS requires [ExtendedConfig ASPM ClockPM MSI]
[    0.617290] acpi PNP0A03:00: fail to add MMCONFIG information, can't access extended PCI configuration space under this bridge.
[    0.621535] PCI host bridge to bus 0000:00
[    0.623003] pci_bus 0000:00: root bus resource [io  0x0000-0x0cf7 window]
[    0.625397] pci_bus 0000:00: root bus resource [io  0x0d00-0xffff window]
[    0.626955] pci_bus 0000:00: root bus resource [mem 0x000a0000-0x000bffff window]
[    0.629601] pci_bus 0000:00: root bus resource [mem 0x40000000-0xfdffffff window]
[    0.632175] pci_bus 0000:00: root bus resource [bus 00-ff]
[    0.636945] pci 0000:00:01.1: legacy IDE quirk: reg 0x10: [io  0x01f0-0x01f7]
[    0.640730] pci 0000:00:01.1: legacy IDE quirk: reg 0x14: [io  0x03f6]
[    0.642917] pci 0000:00:01.1: legacy IDE quirk: reg 0x18: [io  0x0170-0x0177]
[    0.653395] pci 0000:00:01.1: legacy IDE quirk: reg 0x1c: [io  0x0376]
[    0.674119] pci 0000:00:07.0: quirk: [io  0x4000-0x403f] claimed by PIIX4 ACPI
[    0.676831] pci 0000:00:07.0: quirk: [io  0x4100-0x410f] claimed by PIIX4 SMB
[    0.692471] ACPI: PCI Interrupt Link [LNKA] (IRQs 5 9 10 *11)
[    0.696149] ACPI: PCI Interrupt Link [LNKB] (IRQs 5 9 *10 11)
[    0.698989] ACPI: PCI Interrupt Link [LNKC] (IRQs 5 *9 10 11)
[    0.703412] ACPI: PCI Interrupt Link [LNKD] (IRQs 5 9 10 *11)
[    0.707698] ACPI: Enabled 2 GPEs in block 00 to 07
[    0.712558] vgaarb: setting as boot device: PCI:0000:00:02.0
[    0.714584] vgaarb: device added: PCI:0000:00:02.0,decodes=io+mem,owns=io+mem,locks=none
[    0.721383] vgaarb: loaded
[    0.726652] vgaarb: bridge control possible 0000:00:02.0
[    0.732369] SCSI subsystem initialized
[    0.734114] ACPI: bus type USB registered
[    0.738158] usbcore: registered new interface driver usbfs
[    0.742858] usbcore: registered new interface driver hub
[    0.746300] usbcore: registered new device driver usb
[    0.749274] PCI: Using ACPI for IRQ routing
[    0.756346] NetLabel: Initializing
[    0.759521] NetLabel:  domain hash size = 128
[    0.761658] NetLabel:  protocols = UNLABELED CIPSOv4
[    0.764607] NetLabel:  unlabeled traffic allowed by default
[    0.767710] amd_nb: Cannot enumerate AMD northbridges
[    0.771305] clocksource: Switched to clocksource kvm-clock
[    0.790675] AppArmor: AppArmor Filesystem Enabled
[    0.794210] pnp: PnP ACPI init
[    0.798702] pnp: PnP ACPI: found 3 devices
[    0.821291] clocksource: acpi_pm: mask: 0xffffff max_cycles: 0xffffff, max_idle_ns: 2085701024 ns
[    0.826726] NET: Registered protocol family 2
[    0.828831] TCP established hash table entries: 8192 (order: 4, 65536 bytes)
[    0.830953] TCP bind hash table entries: 8192 (order: 5, 131072 bytes)
[    0.832454] TCP: Hash tables configured (established 8192 bind 8192)
[    0.834134] UDP hash table entries: 512 (order: 2, 16384 bytes)
[    0.837772] UDP-Lite hash table entries: 512 (order: 2, 16384 bytes)
[    0.842820] NET: Registered protocol family 1
[    0.844077] pci 0000:00:00.0: Limiting direct PCI/PCI transfers
[    0.846250] pci 0000:00:01.0: Activating ISA DMA hang workarounds
[    0.847875] Unpacking initramfs...
[    1.126230] Freeing initrd memory: 14884K
[    1.127584] clocksource: tsc: mask: 0xffffffffffffffff max_cycles: 0x2135f5e6f15, max_idle_ns: 440795231538 ns
[    1.131178] platform rtc_cmos: registered platform RTC device (no PNP device found)
[    1.133254] Scanning for low memory corruption every 60 seconds
[    1.135817] audit: initializing netlink subsys (disabled)
[    1.138201] audit: type=2000 audit(1595862247.747:1): initialized
[    1.140637] Initialise system trusted keyring
[    1.142043] HugeTLB registered 2 MB page size, pre-allocated 0 pages
[    1.147231] zbud: loaded
[    1.149144] VFS: Disk quotas dquot_6.6.0
[    1.151275] VFS: Dquot-cache hash table entries: 512 (order 0, 4096 bytes)
[    1.155703] squashfs: version 4.0 (2009/01/31) Phillip Lougher
[    1.159150] fuse init (API version 7.23)
[    1.161090] Key type big_key registered
[    1.162466] Allocating IMA MOK and blacklist keyrings.
[    1.165802] Key type asymmetric registered
[    1.166929] Asymmetric key parser 'x509' registered
[    1.169809] Block layer SCSI generic (bsg) driver version 0.4 loaded (major 249)
[    1.173755] io scheduler noop registered
[    1.174842] io scheduler deadline registered (default)
[    1.176890] io scheduler cfq registered
[    1.178623] pci_hotplug: PCI Hot Plug PCI Core version: 0.5
[    1.180456] pciehp: PCI Express Hot Plug Controller Driver version: 0.4
[    1.182818] ACPI: AC Adapter [AC] (on-line)
[    1.184443] input: Power Button as /devices/LNXSYSTM:00/LNXPWRBN:00/input/input0
[    1.187368] ACPI: Power Button [PWRF]
[    1.188802] input: Sleep Button as /devices/LNXSYSTM:00/LNXSLPBN:00/input/input1
[    1.192262] ACPI: Sleep Button [SLPF]
[    1.195438] GHES: HEST is not enabled!
[    1.195531] ACPI: Battery Slot [BAT0] (battery present)
[    1.198494] Serial: 8250/16550 driver, 32 ports, IRQ sharing enabled
[    1.222145] 00:02: ttyS0 at I/O 0x3f8 (irq = 4, base_baud = 115200) is a 16550A
[    1.230085] Linux agpgart interface v0.103
[    1.233865] loop: module loaded
[    1.235737] scsi host0: ata_piix
[    1.237445] scsi host1: ata_piix
[    1.239197] ata1: PATA max UDMA/33 cmd 0x1f0 ctl 0x3f6 bmdma 0xd000 irq 14
[    1.242639] ata2: PATA max UDMA/33 cmd 0x170 ctl 0x376 bmdma 0xd008 irq 15
[    1.244555] libphy: Fixed MDIO Bus: probed
[    1.246767] tun: Universal TUN/TAP device driver, 1.6
[    1.248777] tun: (C) 1999-2004 Max Krasnyansky <maxk@qualcomm.com>
[    1.250869] PPP generic driver version 2.4.2
[    1.253588] ehci_hcd: USB 2.0 'Enhanced' Host Controller (EHCI) Driver
[    1.256365] ehci-pci: EHCI PCI platform driver
[    1.259155] ehci-platform: EHCI generic platform driver
[    1.261230] ohci_hcd: USB 1.1 'Open' Host Controller (OHCI) Driver
[    1.263302] ohci-pci: OHCI PCI platform driver
[    1.264440] ohci-platform: OHCI generic platform driver
[    1.265808] uhci_hcd: USB Universal Host Controller Interface driver
[    1.268145] i8042: PNP: PS/2 Controller [PNP0303:PS2K,PNP0f03:PS2M] at 0x60,0x64 irq 1,12
[    1.272208] serio: i8042 KBD port at 0x60,0x64 irq 1
[    1.274626] serio: i8042 AUX port at 0x60,0x64 irq 12
[    1.277454] mousedev: PS/2 mouse device common for all mice
[    1.279744] input: AT Translated Set 2 keyboard as /devices/platform/i8042/serio0/input/input2
[    1.282288] rtc_cmos rtc_cmos: rtc core: registered rtc_cmos as rtc0
[    1.284156] rtc_cmos rtc_cmos: alarms up to one day, 114 bytes nvram
[    1.286863] i2c /dev entries driver
[    1.288965] device-mapper: uevent: version 1.0.3
[    1.291231] device-mapper: ioctl: 4.34.0-ioctl (2015-10-28) initialised: dm-devel@redhat.com
[    1.294675] ledtrig-cpu: registered to indicate activity on CPUs
[    1.297438] NET: Registered protocol family 10
[    1.298773] NET: Registered protocol family 17
[    1.300110] Key type dns_resolver registered
[    1.302257] registered taskstats version 1
[    1.305542] Loading compiled-in X.509 certificates
[    1.309263] Loaded X.509 cert 'Build time autogenerated kernel key: cef5e81496c0efa51b848ab539e845ddf31c08be'
[    1.313052] zswap: loaded using pool lzo/zbud
[    1.316095] Key type trusted registered
[    1.323220] Key type encrypted registered
[    1.324834] AppArmor: AppArmor sha1 policy hashing enabled
[    1.326205] ima: No TPM chip found, activating TPM-bypass!
[    1.327710] ima: Allocated hash algorithm: sha1
[    1.329025] evm: HMAC attrs: 0x1
[    1.330506]   Magic number: 12:140:84
[    1.331611] rtc_cmos rtc_cmos: setting system clock to 2020-07-27 15:04:02 UTC (1595862242)
[    1.334153] BIOS EDD facility v0.16 2004-Jun-25, 0 devices found
[    1.335574] EDD information not available.
[    1.428245] Freeing unused kernel memory: 1492K
[    1.430255] Write protecting the kernel read-only data: 14336k
[    1.432184] Freeing unused kernel memory: 1592K
[    1.433330] Freeing unused kernel memory: 56K
Loading, please wait...
starting version 229
[    1.452737] random: systemd-udevd: uninitialized urandom read (16 bytes read, 3 bits of entropy available)
[    1.454282] random: udevadm: uninitialized urandom read (16 bytes read, 3 bits of entropy available)
[    1.454302] random: udevadm: uninitialized urandom read (16 bytes read, 3 bits of entropy available)
[    1.463113] random: systemd-udevd: uninitialized urandom read (16 bytes read, 3 bits of entropy available)
[    1.463558] random: udevadm: uninitialized urandom read (16 bytes read, 3 bits of entropy available)
[    1.463643] random: udevadm: uninitialized urandom read (16 bytes read, 3 bits of entropy available)
[    1.463811] random: udevadm: uninitialized urandom read (16 bytes read, 3 bits of entropy available)
[    1.463872] random: udevadm: uninitialized urandom read (16 bytes read, 3 bits of entropy available)
[    1.463931] random: udevadm: uninitialized urandom read (16 bytes read, 3 bits of entropy available)
[    1.463995] random: udevadm: uninitialized urandom read (16 bytes read, 3 bits of entropy available)
[    1.523810] e1000: Intel(R) PRO/1000 Network Driver - version 7.3.21-k8-NAPI
[    1.526914] e1000: Copyright (c) 1999-2006 Intel Corporation.
[    1.532114] Fusion MPT base driver 3.04.20
[    1.534704] Copyright (c) 1999-2008 LSI Corporation
[    1.547742] Fusion MPT SPI Host driver 3.04.20
[    1.566296] AVX2 version of gcm_enc/dec engaged.
[    1.567973] AES CTR mode by8 optimization enabled
[    1.748771] input: ImExPS/2 Generic Explorer Mouse as /devices/platform/i8042/serio1/input/input4
[    2.135114] e1000 0000:00:03.0 eth0: (PCI:33MHz:32-bit) 02:81:88:50:25:98
[    2.137309] e1000 0000:00:03.0 eth0: Intel(R) PRO/1000 Network Connection
[    2.141418] mptbase: ioc0: Initiating bringup
[    2.948990] ioc0: LSI53C1030 A0: Capabilities={Initiator}
[    5.165693] scsi host2: ioc0: LSI53C1030 A0, FwRev=00000000h, Ports=1, MaxQ=256, IRQ=20
[    7.058718] scsi 2:0:0:0: Direct-Access     VBOX     HARDDISK         1.0  PQ: 0 ANSI: 5
[    7.063572] scsi target2:0:0: Beginning Domain Validation
[    7.067966] scsi target2:0:0: Domain Validation skipping write tests
[    7.070997] scsi target2:0:0: Ending Domain Validation
[    7.073900] scsi target2:0:0: asynchronous
[    7.076616] scsi 2:0:1:0: Direct-Access     VBOX     HARDDISK         1.0  PQ: 0 ANSI: 5
[    7.080234] scsi target2:0:1: Beginning Domain Validation
[    7.085608] scsi target2:0:1: Domain Validation skipping write tests
[    7.088354] scsi target2:0:1: Ending Domain Validation
[    7.092493] scsi target2:0:1: asynchronous
[    7.120288] sd 2:0:0:0: Attached scsi generic sg0 type 0
[    7.124477] sd 2:0:0:0: [sda] 20971520 512-byte logical blocks: (10.7 GB/10.0 GiB)
[    7.128595] sd 2:0:1:0: [sdb] 20480 512-byte logical blocks: (10.5 MB/10.0 MiB)
[    7.131169] sd 2:0:1:0: Attached scsi generic sg1 type 0
[    7.133487] sd 2:0:1:0: [sdb] Write Protect is off
[    7.136654] sd 2:0:1:0: [sdb] Incomplete mode parameter data
[    7.139157] sd 2:0:1:0: [sdb] Assuming drive cache: write through
[    7.142206] sd 2:0:0:0: [sda] Write Protect is off
[    7.143865] sd 2:0:0:0: [sda] Incomplete mode parameter data
[    7.145755] sd 2:0:0:0: [sda] Assuming drive cache: write through
[    7.149545]  sda: sda1
[    7.153875] sd 2:0:1:0: [sdb] Attached SCSI disk
[    7.156958] sd 2:0:0:0: [sda] Attached SCSI disk
[    7.779369] e1000 0000:00:08.0 eth1: (PCI:33MHz:32-bit) 08:00:27:db:79:f3
[    7.781904] e1000 0000:00:08.0 eth1: Intel(R) PRO/1000 Network Connection
[    7.786688] e1000 0000:00:03.0 enp0s3: renamed from eth0
[    7.804227] e1000 0000:00:08.0 enp0s8: renamed from eth1
Begin: Loading essential drivers ... [    9.240715] md: linear personality registered for level -1
[    9.244527] md: multipath personality registered for level -4
[    9.248415] md: raid0 personality registered for level 0
[    9.253595] md: raid1 personality registered for level 1
[    9.327380] raid6: sse2x1   gen()  9661 MB/s
[    9.395743] raid6: sse2x1   xor()  7145 MB/s
[    9.463511] raid6: sse2x2   gen() 12099 MB/s
[    9.531385] raid6: sse2x2   xor()  8555 MB/s
[    9.599559] raid6: sse2x4   gen() 13608 MB/s
[    9.667400] raid6: sse2x4   xor()  9078 MB/s
[    9.735599] raid6: avx2x1   gen() 17723 MB/s
[    9.803603] raid6: avx2x2   gen() 21855 MB/s
[    9.871459] raid6: avx2x4   gen() 23122 MB/s
[    9.874167] raid6: using algorithm avx2x4 gen() 23122 MB/s
[    9.877842] raid6: using avx2x2 recovery algorithm
[    9.882622] xor: automatically using best checksumming function:
[    9.923560]    avx       : 13560.000 MB/sec
[    9.929090] async_tx: api initialized (async)
[    9.962747] md: raid6 personality registered for level 6
[    9.966380] md: raid5 personality registered for level 5
[    9.971556] md: raid4 personality registered for level 4
[    9.982413] md: raid10 personality registered for level 10
done.
Begin: Running /scripts/init-premount ... done.
Begin: Mounting root file system ... Begin: Running /scripts/local-top ... done.
Begin: Running /scripts/local-premount ... [   10.023653] Btrfs loaded
Scanning for Btrfs filesystems
done.
Warning: fsck not present, so skipping root file system
[   10.060717] EXT4-fs (sda1): mounted filesystem with ordered data mode. Opts: (null)
done.
Begin: Running /scripts/local-bottom ... done.
Begin: Running /scripts/init-bottom ... done.
[   10.191211] systemd[1]: systemd 229 running in system mode. (+PAM +AUDIT +SELINUX +IMA +APPARMOR +SMACK +SYSVINIT +UTMP +LIBCRYPTSETUP +GCRYPT +GNUTLS +ACL +XZ -LZ4 +SECCOMP +BLKID +ELFUTILS +KMOD -IDN)
[   10.196938] systemd[1]: Detected virtualization oracle.
[   10.198150] systemd[1]: Detected architecture x86-64.

Welcome to [1mUbuntu 16.04.6 LTS[0m!

[   10.208639] systemd[1]: Set hostname to <ubuntu>.
[   10.214179] systemd[1]: Initializing machine ID from random generator.
[   10.216927] systemd[1]: Installed transient /etc/machine-id file.
[   10.397938] systemd[1]: Listening on Journal Socket.
[[0;32m  OK  [0m] Listening on Journal Socket.
[   10.400268] systemd[1]: Listening on udev Kernel Socket.
[[0;32m  OK  [0m] Listening on udev Kernel Socket.
[   10.402972] systemd[1]: Listening on /dev/initctl Compatibility Named Pipe.
[[0;32m  OK  [0m] Listening on /dev/initctl Compatibility Named Pipe.
[   10.408136] systemd[1]: Reached target Encrypted Volumes.
[[0;32m  OK  [0m] Reached target Encrypted Volumes.
[   10.412145] systemd[1]: Listening on Device-mapper event daemon FIFOs.
[[0;32m  OK  [0m] Listening on Device-mapper event daemon FIFOs.
[   10.415090] systemd[1]: Started Forward Password Requests to Wall Directory Watch.
[[0;32m  OK  [0m] Started Forward Password Requests to Wall Directory Watch.
[   10.419896] systemd[1]: Listening on udev Control Socket.
[[0;32m  OK  [0m] Listening on udev Control Socket.
[   10.424997] systemd[1]: Reached target Swap.
[[0;32m  OK  [0m] Reached target Swap.
[   10.427565] systemd[1]: Listening on LVM2 metadata daemon socket.
[[0;32m  OK  [0m] Listening on LVM2 metadata daemon socket.
[   10.430994] systemd[1]: Created slice System Slice.
[[0;32m  OK  [0m] Created slice System Slice.
[   10.447865] systemd[1]: Mounting Debug File System...
         Mounting Debug File System...
[   10.456828] systemd[1]: Starting Load Kernel Modules...
         Starting Load Kernel Modules...
[   10.469096] Loading iSCSI transport class v2.0-870.
[   10.469944] systemd[1]: Starting Remount Root and Kernel File Systems...
         Starting Remount Root and Kernel File Systems...
[   10.480023] systemd[1]: Mounting Huge Pages File System...
         Mounting Huge Pages File System...
[   10.485848] systemd[1]: Starting Monitoring of LVM2 mirrors, snapshots etc. using dmeventd or progress polling...
[   10.490898] iscsi: registered transport (tcp)
         Starting Monitoring of LVM2 mirrors... dmeventd or progress polling...
[   10.495530] systemd[1]: Created slice system-serial\x2dgetty.slice.
[[0;32m  OK  [0m] Created slice system-serial\[   10.498508] EXT4-fs (sda1): re-mounted. Opts: (null)
x2dgetty.slice.
[   10.502361] systemd[1]: Starting Uncomplicated firewall...
         Starting Uncomplicated firewall...
[   10.506886] systemd[1]: Reached target System Time Synchronized.
[[0;32m  OK  [0m] Reached target System Time Synchronized.
[   10.510940] systemd[1]: Mounting POSIX Message Queue File System...
         Mounting POSIX Message Queue File System...
[   10.513950] systemd[1]: Created slice User and Session Slice.
[[0;32m  OK  [0m] Created slice User and Session Slice.
[   10.517934] systemd[1]: Reached target Slices.
[[0;32m  OK  [0m] Reached target Slices.
[   10.521221] systemd[1]: Set up automount Arbitrary Executable File Formats File System Automount Point.
[[0;32m  OK  [0m] Set up automount Arbitrary Executab...ats File System Automount Point.
[   10.531547] systemd[1]: Listening on LVM2 poll daemon socket.
[[0;32m  OK  [0m] Listening on LVM2 poll daemon socket.
[   10.536165] systemd[1]: Reached target User and Group Name Lookups.
[[0;32m  OK  [0m] Reached target User and Group Name Lookups.
[   10.552626] iscsi: registered transport (iser)
[   10.555779] systemd[1]: Starting Create list of required static device nodes for the current kernel...
         Starting Create list of required st... nodes for the current kernel...
[   10.568292] systemd[1]: Listening on Journal Audit Socket.
[[0;32m  OK  [0m] Listening on Journal Audit Socket.
[   10.574802] systemd[1]: Starting Nameserver information manager...
         Starting Nameserver information manager...
[   10.578013] systemd[1]: Started Trigger resolvconf update for networkd DNS.
[[0;32m  OK  [0m] Started Trigger resolvconf update for networkd DNS.
[   10.584421] systemd[1]: Listening on Journal Socket (/dev/log).
[[0;32m  OK  [0m] Listening on Journal Socket (/dev/log).
[   10.591140] systemd[1]: Starting Set console keymap...
         Starting Set console keymap...
[   10.593911] systemd[1]: Listening on Syslog Socket.
[[0;32m  OK  [0m] Listening on Syslog Socket.
[   10.624107] systemd[1]: Starting Journal Service...
         Starting Journal Service...
[   10.629616] systemd[1]: Mounted Huge Pages File System.
[[0;32m  OK  [0m] Mounted Huge Pages File System.
[   10.633833] systemd[1]: Mounted POSIX Message Queue File System.
[[0;32m  OK  [0m] Mounted POSIX Message Queue File System.
[   10.643015] systemd[1]: Mounted Debug File System.
[[0;32m  OK  [0m] Mounted Debug File System.
[   10.647555] systemd[1]: Started Load Kernel Modules.
[[0;32m  OK  [0m] Started Load Kernel Modules.
[   10.660283] systemd[1]: Started Remount Root and Kernel File Systems.
[[0;32m  OK  [0m] Started Remount Root and Kernel File Systems.
[   10.669475] systemd[1]: Started Uncomplicated firewall.
[[0;32m  OK  [0m] Started Uncomplicated firewall.
[   10.675875] systemd[1]: Started Create list of required static device nodes for the current kernel.
[[0;32m  OK  [0m] Started Create list of required sta...ce nodes for the current kernel.
[   10.766633] systemd[1]: Started Set console keymap.
[[0;32m  OK  [0m] Started Set console keymap.
[   10.774331] systemd[1]: Started Journal Service.
[[0;32m  OK  [0m] Started Journal Service.
[[0;32m  OK  [0m] Started Nameserver information manager.
[[0;32m  OK  [0m] Started LVM2 metadata daemon.
         Starting Create Static Device Nodes in /dev...
         Starting udev Coldplug all Devices...
         Starting Load/Save Random Seed...
         Starting Flush Journal to Persistent Storage...
         Mounting FUSE Control File System...
         Starting Apply Kernel Variables...
[[0;32m  OK  [0m] Mounted FUSE Control File System.
[   10.836435] random: nonblocking pool is initialized
[[0;32m  OK  [0m] Started Create Static Device Nodes in /dev.
[[0;32m  OK  [0m] Started Load/Save Random Seed.
[[0;32m  OK  [0m] Started Apply Kernel Variables.
         Starting udev Kernel Device Manager...
[[0;32m  OK  [0m] Started Flush Journal to Persistent Storage.
[[0;32m  OK  [0m] Started udev Coldplug all Devices.
[[0;32m  OK  [0m] Started udev Kernel Device Manager.
[[0;32m  OK  [0m] Started Dispatch Password Requests to Console Directory Watch.
[[0;32m  OK  [0m] Found device /dev/ttyS0.
[[0;32m  OK  [0m] Listening on Load/Save RF Kill Switch Status /dev/rfkill Watch.
[[0;32m  OK  [0m] Started Monitoring of LVM2 mirrors,...ng dmeventd or progress polling.
[[0;32m  OK  [0m] Reached target Local File Systems (Pre).
[[0;32m  OK  [0m] Reached target Local File Systems.
         Starting Create Volatile Files and Directories...
         Starting Set console font and keymap...
         Starting LSB: AppArmor initialization...
         Starting Tell Plymouth To Write Out Runtime Data...
         Starting Initial cloud-init job (pre-networking)...
         Starting Commit a transient machine-id on disk...
[[0;32m  OK  [0m] Started Create Volatile Files and Directories.
[[0;32m  OK  [0m] Started Tell Plymouth To Write Out Runtime Data.
[[0;32m  OK  [0m] Started Commit a transient machine-id on disk.
         Starting Update UTMP about System Boot/Shutdown...
[[0;32m  OK  [0m] Started Update UTMP about System Boot/Shutdown.
[[0;32m  OK  [0m] Started Set console font and keymap.
[[0;32m  OK  [0m] Created slice system-getty.slice.
[   13.886921] cloud-init[643]: Cloud-init v. 20.2-45-g5f7825e2-0ubuntu1~16.04.1 running 'init-local' at Mon, 27 Jul 2020 15:04:14 +0000. Up 12.70 seconds.
[[0;32m  OK  [0m] Started LSB: AppArmor initialization.
[[0;32m  OK  [0m] Started Initial cloud-init job (pre-networking).
[[0;32m  OK  [0m] Reached target Network (Pre).
         Starting Raise network interfaces...
         Starting Load AppArmor profiles managed internally by snapd...
[[0;32m  OK  [0m] Started Load AppArmor profiles managed internally by snapd.
[[0;32m  OK  [0m] Started Raise network interfaces.
[[0;32m  OK  [0m] Reached target Network.
         Starting Initial cloud-init job (metadata service crawler)...
[   15.739580] cloud-init[965]: Cloud-init v. 20.2-45-g5f7825e2-0ubuntu1~16.04.1 running 'init' at Mon, 27 Jul 2020 15:04:16 +0000. Up 14.87 seconds.
[   15.742633] cloud-init[965]: ci-info: ++++++++++++++++++++++++++++++++++++++Net device info+++++++++++++++++++++++++++++++++++++++
[   15.746828] cloud-init[965]: ci-info: +--------+-------+----------------------------+---------------+--------+-------------------+
[   15.750947] cloud-init[965]: ci-info: | Device |   Up  |          Address           |      Mask     | Scope  |     Hw-Address    |
[   15.755042] cloud-init[965]: ci-info: +--------+-------+----------------------------+---------------+--------+-------------------+
[   15.758189] cloud-init[965]: ci-info: | enp0s3 |  True |         10.0.2.15          | 255.255.255.0 | global | 02:81:88:50:25:98 |
[   15.762158] cloud-init[965]: ci-info: | enp0s3 |  True | fe80::81:88ff:fe50:2598/64 |       .       |  link  | 02:81:88:50:25:98 |
[   15.765168] cloud-init[965]: ci-info: | enp0s8 | False |             .              |       .       |   .    | 08:00:27:db:79:f3 |
[   15.770261] cloud-init[965]: ci-info: |   lo   |  True |         127.0.0.1          |   255.0.0.0   |  host  |         .         |
[   15.773885] cloud-init[965]: ci-info: |   lo   |  True |          ::1/128           |       .       |  host  |         .         |
[   15.778673] cloud-init[965]: ci-info: +--------+-------+----------------------------+---------------+--------+-------------------+
[   15.787122] cloud-init[965]: ci-info: +++++++++++++++++++++++++++Route IPv4 info++++++++++++++++++++++++++++
[   15.790239] cloud-init[965]: ci-info: +-------+-------------+----------+---------------+-----------+-------+
[   15.793366] [[0;32m  OK  [0m] Started Initial cloud-init job (metadata service crawler).
[[0;32m  OK  [0m] Reached target System Initialization.
[[0;32m  OK  [0m] Listening on D-Bus System Message Bus Socket.
cloud-init[965]: ci-info: | Route | Destination | Gateway  |    Genmask    | Interface | Flags |
[   15.803218] cloud-init[965]: ci-info: +-------+-------------+----------+---------------+-----------+-------+
[[0;32m  OK  [0m] Started ACPI Events Check.
[[0;32m  OK  [0m] Reached target Paths.
[   15.808809] [cloud-init[0;32m  OK  [0m[965]: ] ci-info: |   0   |   0.0.0.0   | 10.0.2.2 |    0.0.0.0    |   enp0s3  |   UG  |Started Daily Cleanup of Temporary Directories.

[   15.816959]          Starting Socket activation for snappy daemon.
[[0;32m  OK  [0m] Listening on UUID daemon activation socket.
cloud-init[965]: ci-info: |   1   |   10.0.2.0  | 0.0.0.0  | 255.255.255.0 |   enp0s3  |   U   |
[   15.823363]          Starting LXD - unix socket.
[[0;32m  OK  [0m] Started Daily apt download activities.
[[0;32m  OK  [0m] Started Daily apt upgrade and clean activities.
[[0;32m  OK  [0m] Listening on ACPID Listen Socket.
cloud-init[965]: ci-info: +-------+-------------+----------+---------------+-----------+-------+
[   15.830313] [[0;32m  OK  [0m] Started Message of the Day.
[[0;32m  OK  [0m] Reached target Timers.
[[0;32m  OK  [0m] Reached target Cloud-config availability.
[[0;32m  OK  [0m] Reached target Network is Online.
cloud-init[965]: ci-info: +++++++++++++++++++Route IPv6 info+++++++++++++++++++
[   15.835013] cloud-init[965]: ci-info: +-------+-------------+---------+-----------+-------+
[   15.836177] cloud-init[965]: ci-info: | Route | Destination | Gateway | Interface | Flags |
[   15.844620] cloud-init[965]: ci-info: +-------+-------------+---------+-----------+-------+
         Starting iSCSI initiator daemon (iscsid)...
[   15.853061] cloud-init[965]: ci-info: |   0   |  fe80::/64  |    ::   |   enp0s3  |   U   |
[[0;32m  OK  [0m] Listening on Socket activation for snappy daemon.
[[0;32m  OK  [0m] Listening on LXD - unix socket.
[   15.860768] [[0;32m  OK  [0m] Reached target Sockets.
[[0;32m  OK  [0m] Reached target Basic System.
         Starting LSB: MD monitoring daemon...
cloud-init         Starting System Logging Service...
         Starting LXD - container startup/shutdown...
[965]: ci-info: |   3   |   ff00::/8  |    ::   |   enp0s3  |   U   |         
Starting LSB: Record successful boot for GRUB...
[[0;32m  OK  [0m] Started ACPI event daemon.
         Starting Pollinate to seed the pseudo random number generator...
[[0;32m  OK  [0m] Started Deferred execution scheduler.
         Starting Virtualbox guest utils...
         Starting Login Service...
[   15.876932] cloud-init[965]: ci-info: +-------+-------------+---------+-----------+-------+
[   15.892519] cloud-init[965]: Generating public/private rsa key pair.
[[0;32m  OK  [0m] Started Regular background program processing daemon.
[[0;32m  OK  [0m] Started D-Bus System Message Bus.
[   15.908414] cloud-init[965]: Your identification has been saved in /etc/ssh/ssh_host_rsa_key.
[   15.924474] cloud-init[965]: Your public key has been saved in /etc/ssh/ssh_host_rsa_key.pub.
[   15.927353] cloud-init[965]: The key fingerprint is:
[   15.929003] cloud-init[965]: SHA256:/54K5yJ/dw2y74NR726GIL7E3Y5OGYe94OEN0Atm1NA root@ubuntu-xenial
[   15.934652] cloud-init[965]: The key's randomart image is:
[   15.937383] cloud-init[965]: +---[RSA 2048]----+
[   15.941465] cloud-init[965]: |          o+     |
[   15.943557] cloud-init[965]: |         . .E    |
[   15.945545] cloud-init[965]: |          = .    |
[   15.948406] cloud-init[965]: |         o o +.  |
[   15.950903] cloud-init[965]: |        S   B.o. |
[   15.953029] cloud-init[965]: |         o.++X...|
[   15.955211] cloud-init[965]: |        ..=.**+= |
[   15.959804] cloud-init[965]: |      . .=oo+++ =|
[   15.962476] cloud-init[965]: |       o.o+**++=.|
[   15.970064] cloud-init[965]: +----[SHA256]-----+
[   15.972557] cloud-init[965]: Generating public/private dsa key pair.
[   15.975239] cloud-init[965]: Your identification has been saved in /etc/ssh/ssh_host_dsa_key.
[   15.979019]          Starting /etc/rc.local Compatibility...
         Starting Accounts Service...
         Starting Snap Daemon...
cloud-init[[0;32m  OK  [0m] Started FUSE filesystem for LXC.
[[0;32m  OK  [0m] Started System Logging Service.
[965]: Your public key has been saved in /etc/ssh/ssh_host_dsa_key.pub.
[   15.994250] cloud-init[[0;32m  OK  [0m] Started /etc/rc.local Compatibility.
[965]: The key fingerprint is:
[   16.009910] cloud-init[965]: SHA256:HQY6G4UGVpUPi38aRi/+I3Z8vxIl4FExlH/ohTeh/l0 root@ubuntu-xenial
[[0;32m  OK  [0m] Started Login Service.
[   16.040875] [[0;32m  OK  [0m] Started iSCSI initiator daemon (iscsid).
cloud-init[965]: The key's randomart image is:
[   16.060204]          Starting Login to default iSCSI targets...
[[0;32m  OK  [0m] Started Unattended Upgrades Shutdown.
cloud-init[965]: +---[DSA 1024]----+
[   16.076329] [[0;32m  OK  [0m] Started LSB: Record successful boot for GRUB.
cloud-init[965]: |    oo.o+. o=o   |
[   16.080887] cloud-init[965]: |   .  ooo.o .. . |
[[0;32m  OK  [0m] Started LSB: MD monitoring daemon.
[   16.088922] cloud-init[965]: |     .+. =oo ..o.|
[   16.101218] cloud-init[965]: |      .+ooo...=.+|
[   16.128875] cloud-init[965]: |      .oS.. .+ +.|
[[0;32m  OK  [0m] Started LXD - container startup/shutdown.
[   16.134587] cloud-init[965]: |        = o ... E|
[   16.148611] cloud-init[965]: |       o *   .. o|
[   16.150452] cloud-init[965]: |        = + o  ..|
[   16.153412] cloud-init[965]: |       . +.o oo. |
[   16.156297] cloud-init[965]: +----[SHA256]-----+
[   16.160627] cloud-init[965]: Generating public/private ecdsa key pair.
[   16.163324] cloud-init[965]: Your identification has been saved in /etc/ssh/ssh_host_ecdsa_key.
[   16.166637] cloud-init[965]: Your public key has been saved in /etc/ssh/ssh_host_ecdsa_key.pub.
[[0;32m  OK  [0m] Started Login to default iSCSI targets.
[   16.190209] cloud-init[965]: The key fingerprint is:
[   16.198493] cloud-init[965]: SHA256:PWJsYXZuAjixhqsFVJT4gvuYt/Xfn0vb+KnUNUEEhyA root@ubuntu-xenial
         Starting Authenticate and Authorize Users to Run Privileged Tasks...
[[0;32m  OK  [0m] Reached target Remote File Systems (Pre).
[[0;32m  OK  [0m] Reached target Remote File Systems.
[   16.211276] cloud-init[965]: The key's randomart image is:
[   16.240434] cloud-init[965]: +---[ECDSA 256]---+
[   16.242540] cloud-init[965]: | .+oo    E ...++ |
[   16.247724] cloud-init[965]: |.. o +    .  .o  |
[   16.250129] cloud-init[965]: |o o = . + .    . |
         Starting LSB: Set the CPU Frequency Scaling governor to "ondemand"...
[   16.265252] cloud-init[965]: |.o + . = =      .|
[   16.275391]          Starting LSB: automatic crash report generation...
cloud-init[965]:          Starting Permit User Sessions...
         Starting LSB: daemon to balance interrupts for SMP systems...
| .+     S =    ..|
[   16.287669] cloud-init[965]: |.o     o + . . ..|
[[0;32m  OK  [0m] Started Permit User Sessions.
         Starting Hold until boot process finishes up...
         Starting Terminate Plymouth Boot Screen...
[   16.291269] cloud-init[965]: |.+  .       o .  |
[   16.307303] [[0;32m  OK  [0m] Started LSB: Set the CPU Frequency Scaling governor to "ondemand".
[[0;32m  OK  [0m] Started Hold until boot process finishes up.
[[0;32m  OK  [0m] Started Serial Getty on ttyS0.
         Starting Set console scheme...
[[0;32m  OK  [0m] Started Getty on tty1.
[[0;32m  OK  [0m] Reached target Login Prompts.
cloud-init[965]: |o o. .   . o = . |
[[0;32m  OK  [0m] Started Terminate Plymouth Boot Screen.
[[0;32m  OK  [0m] Started Set console scheme.
[[0;32m  OK  [0m] Started Authenticate and Authorize Users to Run Privileged Tasks.
[   16.343372] [[0;32m  OK  [0m] Started Accounts Service.
cloud-init[965]: | ...  ... ..B++  |
[   16.359288] cloud-init[965]: +----[SHA256]-----+
[   16.361203] cloud-init[965]: Generating public/private ed25519 key pair.
[   16.378459] cloud-init[965]: Your identification has been saved in /etc/ssh/ssh_host_ed25519_key.
[   16.396063] cloud-init[965]: Your public key has been saved in /etc/ssh/ssh_host_ed25519_key.pub.
[   16.402905] cloud-init[965]: The key fingerprint is:
[   16.405771] [[0;32m  OK  [0m] Started LSB: daemon to balance interrupts for SMP systems.
cloud-init[965]: SHA256:OAFd4GvzS36FC+YC0/W2qd1BceQdPOz0xXw4arPFnyg root@ubuntu-xenial
[   16.424495] cloud-init[965]: The key's randomart image is:
[[0;32m  OK  [0m] Started Virtualbox guest utils.
[   16.438640] cloud-init[965]: +--[ED25519 256]--+
[   16.467642] cloud-init[965]: |    ...o.     += |
[   16.470463] cloud-init[965]: |     o.      oo**|
[   16.476437] cloud-init[965]: |      o     .o=.*|
[[0;32m  OK  [0m] Started LSB: automatic crash report generation.
[   16.488070] cloud-init[965]: |       +.   +oo..|
[   16.528795] cloud-init[965]: |     .*.S. o.+...|
[   16.540554] cloud-init[965]: |    o..+o +Eo. ..|
[   16.550659] cloud-init[965]: |     o ooo =o    |
[   16.561544] cloud-init[965]: |      .o.o=. .   |
[   16.569549] cloud-init[965]: |       .+o. .    |
[   16.572949] cloud-init[965]: +----[SHA256]-----+
[[0;32m  OK  [0m] Started Pollinate to seed the pseudo random number generator.
         Starting OpenBSD Secure Shell server...
[[0;32m  OK  [0m] Started OpenBSD Secure Shell server.
[[0;32m  OK  [0m] Started Snap Daemon.
         Starting Wait until snapd is fully seeded...
[[0;32m  OK  [0m] Started Wait until snapd is fully seeded.
[[0;32m  OK  [0m] Reached target Multi-User System.
[[0;32m  OK  [0m] Reached target Graphical Interface.
         Starting Update UTMP about System Runlevel Changes...
         Starting Apply the settings specified in cloud-config...
[[0;32m  OK  [0m] Started Update UTMP about System Runlevel Changes.
[[0;32m  OK  [0m] Created slice User Slice of vagrant.
         Starting User Manager for UID 1000...
[[0;32m  OK  [0m] Started Session 1 of user vagrant.
[[0;32m  OK  [0m] Started User Manager for UID 1000.
[   19.488475] cloud-init[1330]: Generating locales (this might take a while)...
[   21.624668] cloud-init[1330]:   en_US.UTF-8... done
[   21.628413] cloud-init[1330]: Generation complete.
[   22.177292] cloud-init[1330]: Cloud-init v. 20.2-45-g5f7825e2-0ubuntu1~16.04.1 running 'modules:config' at Mon, 27 Jul 2020 15:04:20 +0000. Up 19.26 seconds.

Ubuntu 16.04.6 LTS ubuntu-xenial ttyS0

ubuntu-xenial login: ci-info: no authorized SSH keys fingerprints found for user ubuntu.
<14>Jul 27 15:04:24 ec2: 
<14>Jul 27 15:04:24 ec2: #############################################################
<14>Jul 27 15:04:24 ec2: -----BEGIN SSH HOST KEY FINGERPRINTS-----
<14>Jul 27 15:04:24 ec2: 1024 SHA256:HQY6G4UGVpUPi38aRi/+I3Z8vxIl4FExlH/ohTeh/l0 root@ubuntu-xenial (DSA)
<14>Jul 27 15:04:24 ec2: 256 SHA256:PWJsYXZuAjixhqsFVJT4gvuYt/Xfn0vb+KnUNUEEhyA root@ubuntu-xenial (ECDSA)
<14>Jul 27 15:04:24 ec2: 256 SHA256:OAFd4GvzS36FC+YC0/W2qd1BceQdPOz0xXw4arPFnyg root@ubuntu-xenial (ED25519)
<14>Jul 27 15:04:24 ec2: 2048 SHA256:/54K5yJ/dw2y74NR726GIL7E3Y5OGYe94OEN0Atm1NA root@ubuntu-xenial (RSA)
<14>Jul 27 15:04:24 ec2: -----END SSH HOST KEY FINGERPRINTS-----
<14>Jul 27 15:04:24 ec2: #############################################################
-----BEGIN SSH HOST KEY KEYS-----
ecdsa-sha2-nistp256 AAAAE2VjZHNhLXNoYTItbmlzdHAyNTYAAAAIbmlzdHAyNTYAAABBBLyJxC/WbmmooCzdMC7X9IJG5DJKB1VO+N1s/BJw4xpUuY+qkFES1jN+M0o46l2Gv+qbwcb7yJBEMPOAgLmg4f4= root@ubuntu-xenial
ssh-ed25519 AAAAC3NzaC1lZDI1NTE5AAAAIKq+f2hpIVQvDhY2BX+Y+eMcr80kh32BAX5LaoMKzlBr root@ubuntu-xenial
ssh-rsa AAAAB3NzaC1yc2EAAAADAQABAAABAQDON7a+23JDbWok6WNenIJSkDZZiP0PmwRols4UtX0i6UmFMZLv40W1lg0OYpN6DvxVXJL4btvZUux3GipTDQt1gQyzfqR30aNOqjWwM7jGAraXT6Sa0yli7JnrtStbFQnSQnGn7WBpt4+n8KpCYuKk3JwlPrUVCNIbHZYR9BR+d3hJyLNY5BcrqZ6jp++1qFOp+GU/5LOJOrO4lypm+25stQrF8yWlb8P8OjDQn52SvNFTIKyCmkkzeC3iUhA6KfE8aQkHGVYaN8LdKRF1fOJBDBMo+eKaDXDGZzgXeuxGUp3kLgbWmZrFn3tKw0dGFbuga21nV/njcQ7nbL+5GoU5 root@ubuntu-xenial
-----END SSH HOST KEY KEYS-----
[   23.084908] cloud-init[1588]: Cloud-init v. 20.2-45-g5f7825e2-0ubuntu1~16.04.1 running 'modules:final' at Mon, 27 Jul 2020 15:04:24 +0000. Up 22.89 seconds.
[   23.090025] cloud-init[1588]: ci-info: no authorized SSH keys fingerprints found for user ubuntu.
[   23.091026] cloud-init[1588]: Cloud-init v. 20.2-45-g5f7825e2-0ubuntu1~16.04.1 finished at Mon, 27 Jul 2020 15:04:24 +0000. Datasource DataSourceNoCloud [seed=/dev/sdb][dsmode=net].  Up 23.07 seconds
